<assembly>
  <id>test-module</id>
  <formats>
    <format>jar</format>
  </formats>
  <includeBaseDirectory>false</includeBaseDirectory>
  <fileSets>
    <fileSet>
      <directory>${basedir}/target/test-classes/</directory>
      <includes>
        <include>**/test/org/picketlink/as/subsystem/module/**</include>
        <include>META-INF/**</include>
      </includes>
      <outputDirectory>/</outputDirectory>
    </fileSet>
  </fileSets>
</assembly>
